# JRE version: Java(TM) SE Runtime Environment (8.0_91-b14) (build 1.8.0_91-b14)
# Java VM: Java HotSpot(TM) 64-Bit Server VM (25.91-b14 mixed mode windows-amd64 compressed oops)
Heap:
 PSYoungGen      total 179712K, used 78155K [0x00000000eab00000, 0x00000000fb700000, 0x0000000100000000)
  eden space 121856K, 16% used [0x00000000eab00000,0x00000000ebed9828,0x00000000f2200000)
  from space 57856K, 99% used [0x00000000f6f80000,0x00000000fa7f9648,0x00000000fa800000)
  to   space 76288K, 0% used [0x00000000f2200000,0x00000000f2200000,0x00000000f6c80000)
 ParOldGen       total 191488K, used 126104K [0x00000000c0000000, 0x00000000cbb00000, 0x00000000eab00000)
  object space 191488K, 65% used [0x00000000c0000000,0x00000000c7b26298,0x00000000cbb00000)
 Metaspace       used 6408K, capacity 7192K, committed 7424K, reserved 1056768K
  class space    used 624K, capacity 656K, committed 768K, reserved 1048576K
GC Heap History (10 events):
Event: 11.375 GC heap before
{Heap before GC invocations=9 (full 1):
 PSYoungGen      total 74240K, used 64000K [0x00000000eab00000, 0x00000000f5300000, 0x0000000100000000)
  eden space 64000K, 100% used [0x00000000eab00000,0x00000000ee980000,0x00000000ee980000)
  from space 10240K, 0% used [0x00000000ee980000,0x00000000ee980000,0x00000000ef380000)
  to   space 22016K, 0% used [0x00000000f3d80000,0x00000000f3d80000,0x00000000f5300000)
 ParOldGen       total 78848K, used 41346K [0x00000000c0000000, 0x00000000c4d00000, 0x00000000eab00000)
  object space 78848K, 52% used [0x00000000c0000000,0x00000000c2860a70,0x00000000c4d00000)
 Metaspace       used 6386K, capacity 7128K, committed 7424K, reserved 1056768K
  class space    used 623K, capacity 656K, committed 768K, reserved 1048576K
Event: 11.426 GC heap after
Heap after GC invocations=9 (full 1):
 PSYoungGen      total 122368K, used 21999K [0x00000000eab00000, 0x00000000f5300000, 0x0000000100000000)
  eden space 100352K, 0% used [0x00000000eab00000,0x00000000eab00000,0x00000000f0d00000)
  from space 22016K, 99% used [0x00000000f3d80000,0x00000000f52fbfb8,0x00000000f5300000)
  to   space 32768K, 0% used [0x00000000f1300000,0x00000000f1300000,0x00000000f3300000)
 ParOldGen       total 78848K, used 56437K [0x00000000c0000000, 0x00000000c4d00000, 0x00000000eab00000)
  object space 78848K, 71% used [0x00000000c0000000,0x00000000c371d658,0x00000000c4d00000)
 Metaspace       used 6386K, capacity 7128K, committed 7424K, reserved 1056768K
  class space    used 623K, capacity 656K, committed 768K, reserved 1048576K
}
Event: 11.626 GC heap before
{Heap before GC invocations=10 (full 1):
 PSYoungGen      total 122368K, used 122351K [0x00000000eab00000, 0x00000000f5300000, 0x0000000100000000)
  eden space 100352K, 100% used [0x00000000eab00000,0x00000000f0d00000,0x00000000f0d00000)
  from space 22016K, 99% used [0x00000000f3d80000,0x00000000f52fbfb8,0x00000000f5300000)
  to   space 32768K, 0% used [0x00000000f1300000,0x00000000f1300000,0x00000000f3300000)
 ParOldGen       total 78848K, used 56437K [0x00000000c0000000, 0x00000000c4d00000, 0x00000000eab00000)
  object space 78848K, 71% used [0x00000000c0000000,0x00000000c371d658,0x00000000c4d00000)
 Metaspace       used 6392K, capacity 7128K, committed 7424K, reserved 1056768K
  class space    used 623K, capacity 656K, committed 768K, reserved 1048576K
Event: 11.738 GC heap after
Heap after GC invocations=10 (full 1):
 PSYoungGen      total 139264K, used 32745K [0x00000000eab00000, 0x00000000fa800000, 0x0000000100000000)
  eden space 106496K, 0% used [0x00000000eab00000,0x00000000eab00000,0x00000000f1300000)
  from space 32768K, 99% used [0x00000000f1300000,0x00000000f32fa718,0x00000000f3300000)
  to   space 57856K, 0% used [0x00000000f6f80000,0x00000000f6f80000,0x00000000fa800000)
 ParOldGen       total 104448K, used 103576K [0x00000000c0000000, 0x00000000c6600000, 0x00000000eab00000)
  object space 104448K, 99% used [0x00000000c0000000,0x00000000c65261b8,0x00000000c6600000)
 Metaspace       used 6392K, capacity 7128K, committed 7424K, reserved 1056768K
  class space    used 623K, capacity 656K, committed 768K, reserved 1048576K
}
Event: 11.738 GC heap before
{Heap before GC invocations=11 (full 2):
 PSYoungGen      total 139264K, used 32745K [0x00000000eab00000, 0x00000000fa800000, 0x0000000100000000)
  eden space 106496K, 0% used [0x00000000eab00000,0x00000000eab00000,0x00000000f1300000)
  from space 32768K, 99% used [0x00000000f1300000,0x00000000f32fa718,0x00000000f3300000)
  to   space 57856K, 0% used [0x00000000f6f80000,0x00000000f6f80000,0x00000000fa800000)
 ParOldGen       total 104448K, used 103576K [0x00000000c0000000, 0x00000000c6600000, 0x00000000eab00000)
  object space 104448K, 99% used [0x00000000c0000000,0x00000000c65261b8,0x00000000c6600000)
 Metaspace       used 6392K, capacity 7128K, committed 7424K, reserved 1056768K
  class space    used 623K, capacity 656K, committed 768K, reserved 1048576K
Event: 12.555 GC heap after
Heap after GC invocations=11 (full 2):
 PSYoungGen      total 139264K, used 21560K [0x00000000eab00000, 0x00000000fa800000, 0x0000000100000000)
  eden space 106496K, 0% used [0x00000000eab00000,0x00000000eab00000,0x00000000f1300000)
  from space 32768K, 65% used [0x00000000f1300000,0x00000000f280e200,0x00000000f3300000)
  to   space 57856K, 0% used [0x00000000f6f80000,0x00000000f6f80000,0x00000000fa800000)
 ParOldGen       total 104448K, used 103979K [0x00000000c0000000, 0x00000000c6600000, 0x00000000eab00000)
  object space 104448K, 99% used [0x00000000c0000000,0x00000000c658af30,0x00000000c6600000)
 Metaspace       used 6392K, capacity 7128K, committed 7424K, reserved 1056768K
  class space    used 623K, capacity 656K, committed 768K, reserved 1048576K
}
Event: 12.708 GC heap before
{Heap before GC invocations=12 (full 3):
 PSYoungGen      total 139264K, used 128056K [0x00000000eab00000, 0x00000000fa800000, 0x0000000100000000)
  eden space 106496K, 100% used [0x00000000eab00000,0x00000000f1300000,0x00000000f1300000)
  from space 32768K, 65% used [0x00000000f1300000,0x00000000f280e200,0x00000000f3300000)
  to   space 57856K, 0% used [0x00000000f6f80000,0x00000000f6f80000,0x00000000fa800000)
 ParOldGen       total 104448K, used 103979K [0x00000000c0000000, 0x00000000c6600000, 0x00000000eab00000)
  object space 104448K, 99% used [0x00000000c0000000,0x00000000c658af30,0x00000000c6600000)
 Metaspace       used 6405K, capacity 7192K, committed 7424K, reserved 1056768K
  class space    used 624K, capacity 656K, committed 768K, reserved 1048576K
Event: 13.896 GC heap after
Heap after GC invocations=12 (full 3):
 PSYoungGen      total 139264K, used 71000K [0x00000000eab00000, 0x00000000fa800000, 0x0000000100000000)
  eden space 106496K, 66% used [0x00000000eab00000,0x00000000ef056028,0x00000000f1300000)
  from space 32768K, 0% used [0x00000000f1300000,0x00000000f1300000,0x00000000f3300000)
  to   space 57856K, 0% used [0x00000000f6f80000,0x00000000f6f80000,0x00000000fa800000)
 ParOldGen       total 191488K, used 104219K [0x00000000c0000000, 0x00000000cbb00000, 0x00000000eab00000)
  object space 191488K, 54% used [0x00000000c0000000,0x00000000c65c6d68,0x00000000cbb00000)
 Metaspace       used 6405K, capacity 7192K, committed 7424K, reserved 1056768K
  class space    used 624K, capacity 656K, committed 768K, reserved 1048576K
}
Event: 14.264 GC heap before
{Heap before GC invocations=13 (full 3):
 PSYoungGen      total 139264K, used 106496K [0x00000000eab00000, 0x00000000fa800000, 0x0000000100000000)
  eden space 106496K, 100% used [0x00000000eab00000,0x00000000f1300000,0x00000000f1300000)
  from space 32768K, 0% used [0x00000000f1300000,0x00000000f1300000,0x00000000f3300000)
  to   space 57856K, 0% used [0x00000000f6f80000,0x00000000f6f80000,0x00000000fa800000)
 ParOldGen       total 191488K, used 104219K [0x00000000c0000000, 0x00000000cbb00000, 0x00000000eab00000)
  object space 191488K, 54% used [0x00000000c0000000,0x00000000c65c6d68,0x00000000cbb00000)
 Metaspace       used 6405K, capacity 7192K, committed 7424K, reserved 1056768K
  class space    used 624K, capacity 656K, committed 768K, reserved 1048576K
Event: 14.556 GC heap after
Heap after GC invocations=13 (full 3):
 PSYoungGen      total 179712K, used 57829K [0x00000000eab00000, 0x00000000fb700000, 0x0000000100000000)
  eden space 121856K, 0% used [0x00000000eab00000,0x00000000eab00000,0x00000000f2200000)
  from space 57856K, 99% used [0x00000000f6f80000,0x00000000fa7f9648,0x00000000fa800000)
  to   space 76288K, 0% used [0x00000000f2200000,0x00000000f2200000,0x00000000f6c80000)
 ParOldGen       total 191488K, used 126104K [0x00000000c0000000, 0x00000000cbb00000, 0x00000000eab00000)
  object space 191488K, 65% used [0x00000000c0000000,0x00000000c7b26298,0x00000000cbb00000)
 Metaspace       used 6405K, capacity 7192K, committed 7424K, reserved 1056768K
  class space    used 624K, capacity 656K, committed 768K, reserved 1048576K
}

