# JRE version: Java(TM) SE Runtime Environment (8.0_91-b14) (build 1.8.0_91-b14)
# Java VM: Java HotSpot(TM) 64-Bit Server VM (25.91-b14 mixed mode windows-amd64 compressed oops)
Heap:
 PSYoungGen      total 633856K, used 624460K [0x000000076ab00000, 0x000000079e200000, 0x00000007c0000000)
  eden space 435712K, 97% used [0x000000076ab00000,0x0000000784b58d10,0x0000000785480000)
  from space 198144K, 99% used [0x0000000785480000,0x00000007915fa5c8,0x0000000791600000)
  to   space 180736K, 0% used [0x0000000791600000,0x0000000791600000,0x000000079c680000)
 ParOldGen       total 790528K, used 661930K [0x00000006c0000000, 0x00000006f0400000, 0x000000076ab00000)
  object space 790528K, 83% used [0x00000006c0000000,0x00000006e866aac8,0x00000006f0400000)
 Metaspace       used 7508K, capacity 7896K, committed 8192K, reserved 1056768K
  class space    used 683K, capacity 720K, committed 768K, reserved 1048576K
GC Heap History (10 events):
Event: 83.713 GC heap before
{Heap before GC invocations=34 (full 7):
 PSYoungGen      total 616448K, used 435712K [0x000000076ab00000, 0x000000079e200000, 0x00000007c0000000)
  eden space 435712K, 100% used [0x000000076ab00000,0x0000000785480000,0x0000000785480000)
  from space 180736K, 0% used [0x0000000791600000,0x0000000791600000,0x000000079c680000)
  to   space 198144K, 0% used [0x0000000785480000,0x0000000785480000,0x0000000791600000)
 ParOldGen       total 790528K, used 548461K [0x00000006c0000000, 0x00000006f0400000, 0x000000076ab00000)
  object space 790528K, 69% used [0x00000006c0000000,0x00000006e179b640,0x00000006f0400000)
 Metaspace       used 7296K, capacity 7864K, committed 8192K, reserved 1056768K
  class space    used 655K, capacity 688K, committed 768K, reserved 1048576K
Event: 83.771 GC heap after
Heap after GC invocations=34 (full 7):
 PSYoungGen      total 633856K, used 45965K [0x000000076ab00000, 0x000000079e200000, 0x00000007c0000000)
  eden space 435712K, 0% used [0x000000076ab00000,0x000000076ab00000,0x0000000785480000)
  from space 198144K, 23% used [0x0000000785480000,0x0000000788163548,0x0000000791600000)
  to   space 180736K, 0% used [0x0000000791600000,0x0000000791600000,0x000000079c680000)
 ParOldGen       total 790528K, used 548461K [0x00000006c0000000, 0x00000006f0400000, 0x000000076ab00000)
  object space 790528K, 69% used [0x00000006c0000000,0x00000006e179b640,0x00000006f0400000)
 Metaspace       used 7296K, capacity 7864K, committed 8192K, reserved 1056768K
  class space    used 655K, capacity 688K, committed 768K, reserved 1048576K
}
Event: 96.308 GC heap before
{Heap before GC invocations=35 (full 7):
 PSYoungGen      total 633856K, used 481677K [0x000000076ab00000, 0x000000079e200000, 0x00000007c0000000)
  eden space 435712K, 100% used [0x000000076ab00000,0x0000000785480000,0x0000000785480000)
  from space 198144K, 23% used [0x0000000785480000,0x0000000788163548,0x0000000791600000)
  to   space 180736K, 0% used [0x0000000791600000,0x0000000791600000,0x000000079c680000)
 ParOldGen       total 790528K, used 548461K [0x00000006c0000000, 0x00000006f0400000, 0x000000076ab00000)
  object space 790528K, 69% used [0x00000006c0000000,0x00000006e179b640,0x00000006f0400000)
 Metaspace       used 7504K, capacity 7896K, committed 8192K, reserved 1056768K
  class space    used 682K, capacity 720K, committed 768K, reserved 1048576K
Event: 96.431 GC heap after
Heap after GC invocations=35 (full 7):
 PSYoungGen      total 616448K, used 106673K [0x000000076ab00000, 0x000000079e200000, 0x00000007c0000000)
  eden space 435712K, 0% used [0x000000076ab00000,0x000000076ab00000,0x0000000785480000)
  from space 180736K, 59% used [0x0000000791600000,0x0000000797e2c4f8,0x000000079c680000)
  to   space 198144K, 0% used [0x0000000785480000,0x0000000785480000,0x0000000791600000)
 ParOldGen       total 790528K, used 548461K [0x00000006c0000000, 0x00000006f0400000, 0x000000076ab00000)
  object space 790528K, 69% used [0x00000006c0000000,0x00000006e179b640,0x00000006f0400000)
 Metaspace       used 7504K, capacity 7896K, committed 8192K, reserved 1056768K
  class space    used 682K, capacity 720K, committed 768K, reserved 1048576K
}
Event: 108.646 GC heap before
{Heap before GC invocations=36 (full 7):
 PSYoungGen      total 616448K, used 542385K [0x000000076ab00000, 0x000000079e200000, 0x00000007c0000000)
  eden space 435712K, 100% used [0x000000076ab00000,0x0000000785480000,0x0000000785480000)
  from space 180736K, 59% used [0x0000000791600000,0x0000000797e2c4f8,0x000000079c680000)
  to   space 198144K, 0% used [0x0000000785480000,0x0000000785480000,0x0000000791600000)
 ParOldGen       total 790528K, used 548461K [0x00000006c0000000, 0x00000006f0400000, 0x000000076ab00000)
  object space 790528K, 69% used [0x00000006c0000000,0x00000006e179b640,0x00000006f0400000)
 Metaspace       used 7504K, capacity 7896K, committed 8192K, reserved 1056768K
  class space    used 682K, capacity 720K, committed 768K, reserved 1048576K
Event: 108.859 GC heap after
Heap after GC invocations=36 (full 7):
 PSYoungGen      total 633856K, used 175596K [0x000000076ab00000, 0x000000079e200000, 0x00000007c0000000)
  eden space 435712K, 0% used [0x000000076ab00000,0x000000076ab00000,0x0000000785480000)
  from space 198144K, 88% used [0x0000000785480000,0x000000078fffb150,0x0000000791600000)
  to   space 180736K, 0% used [0x0000000791600000,0x0000000791600000,0x000000079c680000)
 ParOldGen       total 790528K, used 548461K [0x00000006c0000000, 0x00000006f0400000, 0x000000076ab00000)
  object space 790528K, 69% used [0x00000006c0000000,0x00000006e179b640,0x00000006f0400000)
 Metaspace       used 7504K, capacity 7896K, committed 8192K, reserved 1056768K
  class space    used 682K, capacity 720K, committed 768K, reserved 1048576K
}
Event: 120.371 GC heap before
{Heap before GC invocations=37 (full 7):
 PSYoungGen      total 633856K, used 611308K [0x000000076ab00000, 0x000000079e200000, 0x00000007c0000000)
  eden space 435712K, 100% used [0x000000076ab00000,0x0000000785480000,0x0000000785480000)
  from space 198144K, 88% used [0x0000000785480000,0x000000078fffb150,0x0000000791600000)
  to   space 180736K, 0% used [0x0000000791600000,0x0000000791600000,0x000000079c680000)
 ParOldGen       total 790528K, used 548461K [0x00000006c0000000, 0x00000006f0400000, 0x000000076ab00000)
  object space 790528K, 69% used [0x00000006c0000000,0x00000006e179b640,0x00000006f0400000)
 Metaspace       used 7506K, capacity 7896K, committed 8192K, reserved 1056768K
  class space    used 683K, capacity 720K, committed 768K, reserved 1048576K
Event: 120.713 GC heap after
Heap after GC invocations=37 (full 7):
 PSYoungGen      total 616448K, used 180721K [0x000000076ab00000, 0x000000079e200000, 0x00000007c0000000)
  eden space 435712K, 0% used [0x000000076ab00000,0x000000076ab00000,0x0000000785480000)
  from space 180736K, 99% used [0x0000000791600000,0x000000079c67c530,0x000000079c680000)
  to   space 198144K, 0% used [0x0000000785480000,0x0000000785480000,0x0000000791600000)
 ParOldGen       total 790528K, used 610098K [0x00000006c0000000, 0x00000006f0400000, 0x000000076ab00000)
  object space 790528K, 77% used [0x00000006c0000000,0x00000006e53cc830,0x00000006f0400000)
 Metaspace       used 7506K, capacity 7896K, committed 8192K, reserved 1056768K
  class space    used 683K, capacity 720K, committed 768K, reserved 1048576K
}
Event: 125.815 GC heap before
{Heap before GC invocations=38 (full 7):
 PSYoungGen      total 616448K, used 616433K [0x000000076ab00000, 0x000000079e200000, 0x00000007c0000000)
  eden space 435712K, 100% used [0x000000076ab00000,0x0000000785480000,0x0000000785480000)
  from space 180736K, 99% used [0x0000000791600000,0x000000079c67c530,0x000000079c680000)
  to   space 198144K, 0% used [0x0000000785480000,0x0000000785480000,0x0000000791600000)
 ParOldGen       total 790528K, used 610098K [0x00000006c0000000, 0x00000006f0400000, 0x000000076ab00000)
  object space 790528K, 77% used [0x00000006c0000000,0x00000006e53cc830,0x00000006f0400000)
 Metaspace       used 7506K, capacity 7896K, committed 8192K, reserved 1056768K
  class space    used 683K, capacity 720K, committed 768K, reserved 1048576K
Event: 126.094 GC heap after
Heap after GC invocations=38 (full 7):
 PSYoungGen      total 633856K, used 198121K [0x000000076ab00000, 0x000000079e200000, 0x00000007c0000000)
  eden space 435712K, 0% used [0x000000076ab00000,0x000000076ab00000,0x0000000785480000)
  from space 198144K, 99% used [0x0000000785480000,0x00000007915fa5c8,0x0000000791600000)
  to   space 180736K, 0% used [0x0000000791600000,0x0000000791600000,0x000000079c680000)
 ParOldGen       total 790528K, used 661930K [0x00000006c0000000, 0x00000006f0400000, 0x000000076ab00000)
  object space 790528K, 83% used [0x00000006c0000000,0x00000006e866aac8,0x00000006f0400000)
 Metaspace       used 7506K, capacity 7896K, committed 8192K, reserved 1056768K
  class space    used 683K, capacity 720K, committed 768K, reserved 1048576K
}

