# JRE version: Java(TM) SE Runtime Environment (8.0_91-b14) (build 1.8.0_91-b14)
# Java VM: Java HotSpot(TM) 64-Bit Server VM (25.91-b14 mixed mode windows-amd64 compressed oops)
Heap:
 PSYoungGen      total 675840K, used 675813K [0x000000076ab00000, 0x00000007a1700000, 0x00000007c0000000)
  eden space 529408K, 100% used [0x000000076ab00000,0x000000078b000000,0x000000078b000000)
  from space 146432K, 99% used [0x0000000795a00000,0x000000079e8f9700,0x000000079e900000)
  to   space 174080K, 99% used [0x000000078b000000,0x00000007959fbba0,0x0000000795a00000)
 ParOldGen       total 664064K, used 664062K [0x00000006c0000000, 0x00000006e8880000, 0x000000076ab00000)
  object space 664064K, 99% used [0x00000006c0000000,0x00000006e887fa60,0x00000006e8880000)
 Metaspace       used 7055K, capacity 7672K, committed 7936K, reserved 1056768K
  class space    used 649K, capacity 688K, committed 768K, reserved 1048576K
GC Heap History (10 events):
Event: 81.127 GC heap after
Heap after GC invocations=24 (full 5):
 PSYoungGen      total 567808K, used 75983K [0x000000076ab00000, 0x0000000798b00000, 0x00000007c0000000)
  eden space 463360K, 0% used [0x000000076ab00000,0x000000076ab00000,0x0000000786f80000)
  from space 104448K, 72% used [0x0000000786f80000,0x000000078b9b3d20,0x000000078d580000)
  to   space 111616K, 0% used [0x0000000791e00000,0x0000000791e00000,0x0000000798b00000)
 ParOldGen       total 493568K, used 394033K [0x00000006c0000000, 0x00000006de200000, 0x000000076ab00000)
  object space 493568K, 79% used [0x00000006c0000000,0x00000006d80cc518,0x00000006de200000)
 Metaspace       used 6685K, capacity 7320K, committed 7680K, reserved 1056768K
  class space    used 628K, capacity 656K, committed 768K, reserved 1048576K
}
Event: 82.176 GC heap before
{Heap before GC invocations=25 (full 5):
 PSYoungGen      total 567808K, used 539343K [0x000000076ab00000, 0x0000000798b00000, 0x00000007c0000000)
  eden space 463360K, 100% used [0x000000076ab00000,0x0000000786f80000,0x0000000786f80000)
  from space 104448K, 72% used [0x0000000786f80000,0x000000078b9b3d20,0x000000078d580000)
  to   space 111616K, 0% used [0x0000000791e00000,0x0000000791e00000,0x0000000798b00000)
 ParOldGen       total 493568K, used 394033K [0x00000006c0000000, 0x00000006de200000, 0x000000076ab00000)
  object space 493568K, 79% used [0x00000006c0000000,0x00000006d80cc518,0x00000006de200000)
 Metaspace       used 6685K, capacity 7320K, committed 7680K, reserved 1056768K
  class space    used 628K, capacity 656K, committed 768K, reserved 1048576K
Event: 82.475 GC heap after
Heap after GC invocations=25 (full 5):
 PSYoungGen      total 609792K, used 111591K [0x000000076ab00000, 0x000000079d800000, 0x00000007c0000000)
  eden space 498176K, 0% used [0x000000076ab00000,0x000000076ab00000,0x0000000789180000)
  from space 111616K, 99% used [0x0000000791e00000,0x0000000798af9d50,0x0000000798b00000)
  to   space 143872K, 0% used [0x0000000789180000,0x0000000789180000,0x0000000791e00000)
 ParOldGen       total 493568K, used 431028K [0x00000006c0000000, 0x00000006de200000, 0x000000076ab00000)
  object space 493568K, 87% used [0x00000006c0000000,0x00000006da4ed1e0,0x00000006de200000)
 Metaspace       used 6685K, capacity 7320K, committed 7680K, reserved 1056768K
  class space    used 628K, capacity 656K, committed 768K, reserved 1048576K
}
Event: 82.475 GC heap before
{Heap before GC invocations=26 (full 6):
 PSYoungGen      total 609792K, used 111591K [0x000000076ab00000, 0x000000079d800000, 0x00000007c0000000)
  eden space 498176K, 0% used [0x000000076ab00000,0x000000076ab00000,0x0000000789180000)
  from space 111616K, 99% used [0x0000000791e00000,0x0000000798af9d50,0x0000000798b00000)
  to   space 143872K, 0% used [0x0000000789180000,0x0000000789180000,0x0000000791e00000)
 ParOldGen       total 493568K, used 431028K [0x00000006c0000000, 0x00000006de200000, 0x000000076ab00000)
  object space 493568K, 87% used [0x00000006c0000000,0x00000006da4ed1e0,0x00000006de200000)
 Metaspace       used 6685K, capacity 7320K, committed 7680K, reserved 1056768K
  class space    used 628K, capacity 656K, committed 768K, reserved 1048576K
Event: 85.268 GC heap after
Heap after GC invocations=26 (full 6):
 PSYoungGen      total 609792K, used 44414K [0x000000076ab00000, 0x000000079d800000, 0x00000007c0000000)
  eden space 498176K, 0% used [0x000000076ab00000,0x000000076ab00000,0x0000000789180000)
  from space 111616K, 39% used [0x0000000791e00000,0x000000079495fb28,0x0000000798b00000)
  to   space 143872K, 0% used [0x0000000789180000,0x0000000789180000,0x0000000791e00000)
 ParOldGen       total 661504K, used 493396K [0x00000006c0000000, 0x00000006e8600000, 0x000000076ab00000)
  object space 661504K, 74% used [0x00000006c0000000,0x00000006de1d5280,0x00000006e8600000)
 Metaspace       used 6685K, capacity 7320K, committed 7680K, reserved 1056768K
  class space    used 628K, capacity 656K, committed 768K, reserved 1048576K
}
Event: 92.952 GC heap before
{Heap before GC invocations=27 (full 6):
 PSYoungGen      total 609792K, used 542590K [0x000000076ab00000, 0x000000079d800000, 0x00000007c0000000)
  eden space 498176K, 100% used [0x000000076ab00000,0x0000000789180000,0x0000000789180000)
  from space 111616K, 39% used [0x0000000791e00000,0x000000079495fb28,0x0000000798b00000)
  to   space 143872K, 0% used [0x0000000789180000,0x0000000789180000,0x0000000791e00000)
 ParOldGen       total 661504K, used 493396K [0x00000006c0000000, 0x00000006e8600000, 0x000000076ab00000)
  object space 661504K, 74% used [0x00000006c0000000,0x00000006de1d5280,0x00000006e8600000)
 Metaspace       used 6686K, capacity 7320K, committed 7680K, reserved 1056768K
  class space    used 628K, capacity 656K, committed 768K, reserved 1048576K
Event: 93.319 GC heap after
Heap after GC invocations=27 (full 6):
 PSYoungGen      total 642048K, used 84737K [0x000000076ab00000, 0x000000079e900000, 0x00000007c0000000)
  eden space 498176K, 0% used [0x000000076ab00000,0x000000076ab00000,0x0000000789180000)
  from space 143872K, 58% used [0x0000000789180000,0x000000078e440588,0x0000000791e00000)
  to   space 146432K, 0% used [0x0000000795a00000,0x0000000795a00000,0x000000079e900000)
 ParOldGen       total 661504K, used 538259K [0x00000006c0000000, 0x00000006e8600000, 0x000000076ab00000)
  object space 661504K, 81% used [0x00000006c0000000,0x00000006e0da4fa8,0x00000006e8600000)
 Metaspace       used 6686K, capacity 7320K, committed 7680K, reserved 1056768K
  class space    used 628K, capacity 656K, committed 768K, reserved 1048576K
}
Event: 102.975 GC heap before
{Heap before GC invocations=28 (full 6):
 PSYoungGen      total 642048K, used 582913K [0x000000076ab00000, 0x000000079e900000, 0x00000007c0000000)
  eden space 498176K, 100% used [0x000000076ab00000,0x0000000789180000,0x0000000789180000)
  from space 143872K, 58% used [0x0000000789180000,0x000000078e440588,0x0000000791e00000)
  to   space 146432K, 0% used [0x0000000795a00000,0x0000000795a00000,0x000000079e900000)
 ParOldGen       total 661504K, used 538259K [0x00000006c0000000, 0x00000006e8600000, 0x000000076ab00000)
  object space 661504K, 81% used [0x00000006c0000000,0x00000006e0da4fa8,0x00000006e8600000)
 Metaspace       used 6823K, capacity 7384K, committed 7680K, reserved 1056768K
  class space    used 636K, capacity 656K, committed 768K, reserved 1048576K
Event: 103.209 GC heap after
Heap after GC invocations=28 (full 6):
 PSYoungGen      total 675840K, used 146405K [0x000000076ab00000, 0x00000007a1700000, 0x00000007c0000000)
  eden space 529408K, 0% used [0x000000076ab00000,0x000000076ab00000,0x000000078b000000)
  from space 146432K, 99% used [0x0000000795a00000,0x000000079e8f9700,0x000000079e900000)
  to   space 174080K, 0% used [0x000000078b000000,0x000000078b000000,0x0000000795a00000)
 ParOldGen       total 661504K, used 547488K [0x00000006c0000000, 0x00000006e8600000, 0x000000076ab00000)
  object space 661504K, 82% used [0x00000006c0000000,0x00000006e16a8380,0x00000006e8600000)
 Metaspace       used 6823K, capacity 7384K, committed 7680K, reserved 1056768K
  class space    used 636K, capacity 656K, committed 768K, reserved 1048576K
}
Event: 105.283 GC heap before
{Heap before GC invocations=29 (full 6):
 PSYoungGen      total 675840K, used 675813K [0x000000076ab00000, 0x00000007a1700000, 0x00000007c0000000)
  eden space 529408K, 100% used [0x000000076ab00000,0x000000078b000000,0x000000078b000000)
  from space 146432K, 99% used [0x0000000795a00000,0x000000079e8f9700,0x000000079e900000)
  to   space 174080K, 0% used [0x000000078b000000,0x000000078b000000,0x0000000795a00000)
 ParOldGen       total 661504K, used 547488K [0x00000006c0000000, 0x00000006e8600000, 0x000000076ab00000)
  object space 661504K, 82% used [0x00000006c0000000,0x00000006e16a8380,0x00000006e8600000)
 Metaspace       used 7055K, capacity 7672K, committed 7936K, reserved 1056768K
  class space    used 649K, capacity 688K, committed 768K, reserved 1048576K

