# JRE version: Java(TM) SE Runtime Environment (8.0_91-b14) (build 1.8.0_91-b14)
# Java VM: Java HotSpot(TM) 64-Bit Server VM (25.91-b14 mixed mode windows-amd64 compressed oops)
Heap:
 PSYoungGen      total 231936K, used 126954K [0x00000000eab00000, 0x00000000fff00000, 0x0000000100000000)
  eden space 116736K, 92% used [0x00000000eab00000,0x00000000f14f2bb8,0x00000000f1d00000)
  from space 115200K, 16% used [0x00000000f8e80000,0x00000000fa088000,0x00000000fff00000)
  to   space 115712K, 0% used [0x00000000f1d00000,0x00000000f1d00000,0x00000000f8e00000)
 ParOldGen       total 699392K, used 384019K [0x00000000c0000000, 0x00000000eab00000, 0x00000000eab00000)
  object space 699392K, 54% used [0x00000000c0000000,0x00000000d7704ca0,0x00000000eab00000)
 Metaspace       used 6809K, capacity 7384K, committed 7680K, reserved 1056768K
  class space    used 635K, capacity 656K, committed 768K, reserved 1048576K
GC Heap History (10 events):
Event: 171.917 GC heap before
{Heap before GC invocations=112 (full 55):
 PSYoungGen      total 228352K, used 208955K [0x00000000eab00000, 0x0000000100000000, 0x0000000100000000)
  eden space 116736K, 100% used [0x00000000eab00000,0x00000000f1d00000,0x00000000f1d00000)
  from space 111616K, 82% used [0x00000000f8f00000,0x00000000fe90eed0,0x00000000ffc00000)
  to   space 116224K, 0% used [0x00000000f1d00000,0x00000000f1d00000,0x00000000f8e80000)
 ParOldGen       total 655360K, used 535796K [0x00000000c0000000, 0x00000000e8000000, 0x00000000eab00000)
  object space 655360K, 81% used [0x00000000c0000000,0x00000000e0b3d018,0x00000000e8000000)
 Metaspace       used 6809K, capacity 7384K, committed 7680K, reserved 1056768K
  class space    used 635K, capacity 656K, committed 768K, reserved 1048576K
Event: 172.051 GC heap after
Heap after GC invocations=112 (full 55):
 PSYoungGen      total 232960K, used 74504K [0x00000000eab00000, 0x0000000100000000, 0x0000000100000000)
  eden space 116736K, 0% used [0x00000000eab00000,0x00000000eab00000,0x00000000f1d00000)
  from space 116224K, 64% used [0x00000000f1d00000,0x00000000f65c2000,0x00000000f8e80000)
  to   space 116224K, 0% used [0x00000000f8e80000,0x00000000f8e80000,0x0000000100000000)
 ParOldGen       total 655360K, used 571285K [0x00000000c0000000, 0x00000000e8000000, 0x00000000eab00000)
  object space 655360K, 87% used [0x00000000c0000000,0x00000000e2de5700,0x00000000e8000000)
 Metaspace       used 6809K, capacity 7384K, committed 7680K, reserved 1056768K
  class space    used 635K, capacity 656K, committed 768K, reserved 1048576K
}
Event: 188.625 GC heap before
{Heap before GC invocations=113 (full 55):
 PSYoungGen      total 232960K, used 191240K [0x00000000eab00000, 0x0000000100000000, 0x0000000100000000)
  eden space 116736K, 100% used [0x00000000eab00000,0x00000000f1d00000,0x00000000f1d00000)
  from space 116224K, 64% used [0x00000000f1d00000,0x00000000f65c2000,0x00000000f8e80000)
  to   space 116224K, 0% used [0x00000000f8e80000,0x00000000f8e80000,0x0000000100000000)
 ParOldGen       total 655360K, used 571285K [0x00000000c0000000, 0x00000000e8000000, 0x00000000eab00000)
  object space 655360K, 87% used [0x00000000c0000000,0x00000000e2de5700,0x00000000e8000000)
 Metaspace       used 6809K, capacity 7384K, committed 7680K, reserved 1056768K
  class space    used 635K, capacity 656K, committed 768K, reserved 1048576K
Event: 188.738 GC heap after
Heap after GC invocations=113 (full 55):
 PSYoungGen      total 232960K, used 54070K [0x00000000eab00000, 0x0000000100000000, 0x0000000100000000)
  eden space 116736K, 0% used [0x00000000eab00000,0x00000000eab00000,0x00000000f1d00000)
  from space 116224K, 46% used [0x00000000f8e80000,0x00000000fc34dba8,0x0000000100000000)
  to   space 116224K, 0% used [0x00000000f1d00000,0x00000000f1d00000,0x00000000f8e80000)
 ParOldGen       total 655360K, used 608882K [0x00000000c0000000, 0x00000000e8000000, 0x00000000eab00000)
  object space 655360K, 92% used [0x00000000c0000000,0x00000000e529c9d0,0x00000000e8000000)
 Metaspace       used 6809K, capacity 7384K, committed 7680K, reserved 1056768K
  class space    used 635K, capacity 656K, committed 768K, reserved 1048576K
}
Event: 188.739 GC heap before
{Heap before GC invocations=114 (full 56):
 PSYoungGen      total 232960K, used 54070K [0x00000000eab00000, 0x0000000100000000, 0x0000000100000000)
  eden space 116736K, 0% used [0x00000000eab00000,0x00000000eab00000,0x00000000f1d00000)
  from space 116224K, 46% used [0x00000000f8e80000,0x00000000fc34dba8,0x0000000100000000)
  to   space 116224K, 0% used [0x00000000f1d00000,0x00000000f1d00000,0x00000000f8e80000)
 ParOldGen       total 655360K, used 608882K [0x00000000c0000000, 0x00000000e8000000, 0x00000000eab00000)
  object space 655360K, 92% used [0x00000000c0000000,0x00000000e529c9d0,0x00000000e8000000)
 Metaspace       used 6809K, capacity 7384K, committed 7680K, reserved 1056768K
  class space    used 635K, capacity 656K, committed 768K, reserved 1048576K
Event: 191.464 GC heap after
Heap after GC invocations=114 (full 56):
 PSYoungGen      total 232960K, used 0K [0x00000000eab00000, 0x0000000100000000, 0x0000000100000000)
  eden space 116736K, 0% used [0x00000000eab00000,0x00000000eab00000,0x00000000f1d00000)
  from space 116224K, 0% used [0x00000000f8e80000,0x00000000f8e80000,0x0000000100000000)
  to   space 116224K, 0% used [0x00000000f1d00000,0x00000000f1d00000,0x00000000f8e80000)
 ParOldGen       total 699392K, used 366251K [0x00000000c0000000, 0x00000000eab00000, 0x00000000eab00000)
  object space 699392K, 52% used [0x00000000c0000000,0x00000000d65aad38,0x00000000eab00000)
 Metaspace       used 6809K, capacity 7384K, committed 7680K, reserved 1056768K
  class space    used 635K, capacity 656K, committed 768K, reserved 1048576K
}
Event: 197.447 GC heap before
{Heap before GC invocations=115 (full 56):
 PSYoungGen      total 232960K, used 116736K [0x00000000eab00000, 0x0000000100000000, 0x0000000100000000)
  eden space 116736K, 100% used [0x00000000eab00000,0x00000000f1d00000,0x00000000f1d00000)
  from space 116224K, 0% used [0x00000000f8e80000,0x00000000f8e80000,0x0000000100000000)
  to   space 116224K, 0% used [0x00000000f1d00000,0x00000000f1d00000,0x00000000f8e80000)
 ParOldGen       total 699392K, used 366251K [0x00000000c0000000, 0x00000000eab00000, 0x00000000eab00000)
  object space 699392K, 52% used [0x00000000c0000000,0x00000000d65aad38,0x00000000eab00000)
 Metaspace       used 6809K, capacity 7384K, committed 7680K, reserved 1056768K
  class space    used 635K, capacity 656K, committed 768K, reserved 1048576K
Event: 197.484 GC heap after
Heap after GC invocations=115 (full 56):
 PSYoungGen      total 232960K, used 18496K [0x00000000eab00000, 0x0000000100000000, 0x0000000100000000)
  eden space 116736K, 0% used [0x00000000eab00000,0x00000000eab00000,0x00000000f1d00000)
  from space 116224K, 15% used [0x00000000f1d00000,0x00000000f2f10000,0x00000000f8e80000)
  to   space 116224K, 0% used [0x00000000f8e80000,0x00000000f8e80000,0x0000000100000000)
 ParOldGen       total 699392K, used 366251K [0x00000000c0000000, 0x00000000eab00000, 0x00000000eab00000)
  object space 699392K, 52% used [0x00000000c0000000,0x00000000d65aad38,0x00000000eab00000)
 Metaspace       used 6809K, capacity 7384K, committed 7680K, reserved 1056768K
  class space    used 635K, capacity 656K, committed 768K, reserved 1048576K
}
Event: 204.757 GC heap before
{Heap before GC invocations=116 (full 56):
 PSYoungGen      total 232960K, used 135232K [0x00000000eab00000, 0x0000000100000000, 0x0000000100000000)
  eden space 116736K, 100% used [0x00000000eab00000,0x00000000f1d00000,0x00000000f1d00000)
  from space 116224K, 15% used [0x00000000f1d00000,0x00000000f2f10000,0x00000000f8e80000)
  to   space 116224K, 0% used [0x00000000f8e80000,0x00000000f8e80000,0x0000000100000000)
 ParOldGen       total 699392K, used 366251K [0x00000000c0000000, 0x00000000eab00000, 0x00000000eab00000)
  object space 699392K, 52% used [0x00000000c0000000,0x00000000d65aad38,0x00000000eab00000)
 Metaspace       used 6809K, capacity 7384K, committed 7680K, reserved 1056768K
  class space    used 635K, capacity 656K, committed 768K, reserved 1048576K
Event: 204.814 GC heap after
Heap after GC invocations=116 (full 56):
 PSYoungGen      total 231936K, used 18464K [0x00000000eab00000, 0x00000000fff00000, 0x0000000100000000)
  eden space 116736K, 0% used [0x00000000eab00000,0x00000000eab00000,0x00000000f1d00000)
  from space 115200K, 16% used [0x00000000f8e80000,0x00000000fa088000,0x00000000fff00000)
  to   space 115712K, 0% used [0x00000000f1d00000,0x00000000f1d00000,0x00000000f8e00000)
 ParOldGen       total 699392K, used 384019K [0x00000000c0000000, 0x00000000eab00000, 0x00000000eab00000)
  object space 699392K, 54% used [0x00000000c0000000,0x00000000d7704ca0,0x00000000eab00000)
 Metaspace       used 6809K, capacity 7384K, committed 7680K, reserved 1056768K
  class space    used 635K, capacity 656K, committed 768K, reserved 1048576K
}

