# JRE version: Java(TM) SE Runtime Environment (8.0_91-b14) (build 1.8.0_91-b14)
# Java VM: Java HotSpot(TM) 64-Bit Server VM (25.91-b14 mixed mode windows-amd64 compressed oops)
Heap:
 PSYoungGen      total 521216K, used 407773K [0x000000076ab00000, 0x0000000795700000, 0x00000007c0000000)
  eden space 358400K, 68% used [0x000000076ab00000,0x0000000779a3c8f8,0x0000000780900000)
  from space 162816K, 99% used [0x000000078ae00000,0x0000000794cfac78,0x0000000794d00000)
  to   space 168960K, 0% used [0x0000000780900000,0x0000000780900000,0x000000078ae00000)
 ParOldGen       total 611328K, used 428708K [0x00000006c0000000, 0x00000006e5500000, 0x000000076ab00000)
  object space 611328K, 70% used [0x00000006c0000000,0x00000006da2a9380,0x00000006e5500000)
 Metaspace       used 6684K, capacity 7320K, committed 7680K, reserved 1056768K
  class space    used 629K, capacity 656K, committed 768K, reserved 1048576K
GC Heap History (10 events):
Event: 76.254 GC heap before
{Heap before GC invocations=21 (full 4):
 PSYoungGen      total 462336K, used 443140K [0x000000076ab00000, 0x0000000790d00000, 0x00000007c0000000)
  eden space 344576K, 100% used [0x000000076ab00000,0x000000077fb80000,0x000000077fb80000)
  from space 117760K, 83% used [0x0000000787c00000,0x000000078dc41250,0x000000078ef00000)
  to   space 131584K, 0% used [0x000000077fb80000,0x000000077fb80000,0x0000000787c00000)
 ParOldGen       total 406016K, used 272486K [0x00000006c0000000, 0x00000006d8c80000, 0x000000076ab00000)
  object space 406016K, 67% used [0x00000006c0000000,0x00000006d0a19978,0x00000006d8c80000)
 Metaspace       used 6668K, capacity 7320K, committed 7680K, reserved 1056768K
  class space    used 628K, capacity 656K, committed 768K, reserved 1048576K
Event: 76.464 GC heap after
Heap after GC invocations=21 (full 4):
 PSYoungGen      total 476160K, used 131559K [0x000000076ab00000, 0x0000000794d00000, 0x00000007c0000000)
  eden space 344576K, 0% used [0x000000076ab00000,0x000000076ab00000,0x000000077fb80000)
  from space 131584K, 99% used [0x000000077fb80000,0x0000000787bf9c78,0x0000000787c00000)
  to   space 162816K, 0% used [0x000000078ae00000,0x000000078ae00000,0x0000000794d00000)
 ParOldGen       total 406016K, used 295399K [0x00000006c0000000, 0x00000006d8c80000, 0x000000076ab00000)
  object space 406016K, 72% used [0x00000006c0000000,0x00000006d2079d68,0x00000006d8c80000)
 Metaspace       used 6668K, capacity 7320K, committed 7680K, reserved 1056768K
  class space    used 628K, capacity 656K, committed 768K, reserved 1048576K
}
Event: 96.876 GC heap before
{Heap before GC invocations=22 (full 4):
 PSYoungGen      total 476160K, used 476135K [0x000000076ab00000, 0x0000000794d00000, 0x00000007c0000000)
  eden space 344576K, 100% used [0x000000076ab00000,0x000000077fb80000,0x000000077fb80000)
  from space 131584K, 99% used [0x000000077fb80000,0x0000000787bf9c78,0x0000000787c00000)
  to   space 162816K, 0% used [0x000000078ae00000,0x000000078ae00000,0x0000000794d00000)
 ParOldGen       total 406016K, used 295399K [0x00000006c0000000, 0x00000006d8c80000, 0x000000076ab00000)
  object space 406016K, 72% used [0x00000006c0000000,0x00000006d2079d68,0x00000006d8c80000)
 Metaspace       used 6670K, capacity 7320K, committed 7680K, reserved 1056768K
  class space    used 628K, capacity 656K, committed 768K, reserved 1048576K
Event: 97.188 GC heap after
Heap after GC invocations=22 (full 4):
 PSYoungGen      total 521216K, used 104330K [0x000000076ab00000, 0x0000000795700000, 0x00000007c0000000)
  eden space 358400K, 0% used [0x000000076ab00000,0x000000076ab00000,0x0000000780900000)
  from space 162816K, 64% used [0x000000078ae00000,0x00000007913e2b48,0x0000000794d00000)
  to   space 168960K, 0% used [0x0000000780900000,0x0000000780900000,0x000000078ae00000)
 ParOldGen       total 406016K, used 378852K [0x00000006c0000000, 0x00000006d8c80000, 0x000000076ab00000)
  object space 406016K, 93% used [0x00000006c0000000,0x00000006d71f90c8,0x00000006d8c80000)
 Metaspace       used 6670K, capacity 7320K, committed 7680K, reserved 1056768K
  class space    used 628K, capacity 656K, committed 768K, reserved 1048576K
}
Event: 97.188 GC heap before
{Heap before GC invocations=23 (full 5):
 PSYoungGen      total 521216K, used 104330K [0x000000076ab00000, 0x0000000795700000, 0x00000007c0000000)
  eden space 358400K, 0% used [0x000000076ab00000,0x000000076ab00000,0x0000000780900000)
  from space 162816K, 64% used [0x000000078ae00000,0x00000007913e2b48,0x0000000794d00000)
  to   space 168960K, 0% used [0x0000000780900000,0x0000000780900000,0x000000078ae00000)
 ParOldGen       total 406016K, used 378852K [0x00000006c0000000, 0x00000006d8c80000, 0x000000076ab00000)
  object space 406016K, 93% used [0x00000006c0000000,0x00000006d71f90c8,0x00000006d8c80000)
 Metaspace       used 6670K, capacity 7320K, committed 7680K, reserved 1056768K
  class space    used 628K, capacity 656K, committed 768K, reserved 1048576K
Event: 99.352 GC heap after
Heap after GC invocations=23 (full 5):
 PSYoungGen      total 521216K, used 72660K [0x000000076ab00000, 0x0000000795700000, 0x00000007c0000000)
  eden space 358400K, 0% used [0x000000076ab00000,0x000000076ab00000,0x0000000780900000)
  from space 162816K, 44% used [0x000000078ae00000,0x000000078f4f5380,0x0000000794d00000)
  to   space 168960K, 0% used [0x0000000780900000,0x0000000780900000,0x000000078ae00000)
 ParOldGen       total 611328K, used 405802K [0x00000006c0000000, 0x00000006e5500000, 0x000000076ab00000)
  object space 611328K, 66% used [0x00000006c0000000,0x00000006d8c4ab68,0x00000006e5500000)
 Metaspace       used 6670K, capacity 7320K, committed 7680K, reserved 1056768K
  class space    used 628K, capacity 656K, committed 768K, reserved 1048576K
}
Event: 122.718 GC heap before
{Heap before GC invocations=24 (full 5):
 PSYoungGen      total 521216K, used 431060K [0x000000076ab00000, 0x0000000795700000, 0x00000007c0000000)
  eden space 358400K, 100% used [0x000000076ab00000,0x0000000780900000,0x0000000780900000)
  from space 162816K, 44% used [0x000000078ae00000,0x000000078f4f5380,0x0000000794d00000)
  to   space 168960K, 0% used [0x0000000780900000,0x0000000780900000,0x000000078ae00000)
 ParOldGen       total 611328K, used 405802K [0x00000006c0000000, 0x00000006e5500000, 0x000000076ab00000)
  object space 611328K, 66% used [0x00000006c0000000,0x00000006d8c4ab68,0x00000006e5500000)
 Metaspace       used 6670K, capacity 7320K, committed 7680K, reserved 1056768K
  class space    used 628K, capacity 656K, committed 768K, reserved 1048576K
Event: 123.015 GC heap after
Heap after GC invocations=24 (full 5):
 PSYoungGen      total 527360K, used 129345K [0x000000076ab00000, 0x0000000795700000, 0x00000007c0000000)
  eden space 358400K, 0% used [0x000000076ab00000,0x000000076ab00000,0x0000000780900000)
  from space 168960K, 76% used [0x0000000780900000,0x0000000788750438,0x000000078ae00000)
  to   space 162816K, 0% used [0x000000078ae00000,0x000000078ae00000,0x0000000794d00000)
 ParOldGen       total 611328K, used 405802K [0x00000006c0000000, 0x00000006e5500000, 0x000000076ab00000)
  object space 611328K, 66% used [0x00000006c0000000,0x00000006d8c4ab68,0x00000006e5500000)
 Metaspace       used 6670K, capacity 7320K, committed 7680K, reserved 1056768K
  class space    used 628K, capacity 656K, committed 768K, reserved 1048576K
}
Event: 147.978 GC heap before
{Heap before GC invocations=25 (full 5):
 PSYoungGen      total 527360K, used 487745K [0x000000076ab00000, 0x0000000795700000, 0x00000007c0000000)
  eden space 358400K, 100% used [0x000000076ab00000,0x0000000780900000,0x0000000780900000)
  from space 168960K, 76% used [0x0000000780900000,0x0000000788750438,0x000000078ae00000)
  to   space 162816K, 0% used [0x000000078ae00000,0x000000078ae00000,0x0000000794d00000)
 ParOldGen       total 611328K, used 405802K [0x00000006c0000000, 0x00000006e5500000, 0x000000076ab00000)
  object space 611328K, 66% used [0x00000006c0000000,0x00000006d8c4ab68,0x00000006e5500000)
 Metaspace       used 6672K, capacity 7320K, committed 7680K, reserved 1056768K
  class space    used 628K, capacity 656K, committed 768K, reserved 1048576K
Event: 148.225 GC heap after
Heap after GC invocations=25 (full 5):
 PSYoungGen      total 521216K, used 162795K [0x000000076ab00000, 0x0000000795700000, 0x00000007c0000000)
  eden space 358400K, 0% used [0x000000076ab00000,0x000000076ab00000,0x0000000780900000)
  from space 162816K, 99% used [0x000000078ae00000,0x0000000794cfac78,0x0000000794d00000)
  to   space 168960K, 0% used [0x0000000780900000,0x0000000780900000,0x000000078ae00000)
 ParOldGen       total 611328K, used 428708K [0x00000006c0000000, 0x00000006e5500000, 0x000000076ab00000)
  object space 611328K, 70% used [0x00000006c0000000,0x00000006da2a9380,0x00000006e5500000)
 Metaspace       used 6672K, capacity 7320K, committed 7680K, reserved 1056768K
  class space    used 628K, capacity 656K, committed 768K, reserved 1048576K
}

