# JRE version: Java(TM) SE Runtime Environment (8.0_91-b14) (build 1.8.0_91-b14)
# Java VM: Java HotSpot(TM) 64-Bit Server VM (25.91-b14 mixed mode windows-amd64 compressed oops)
Heap:
 PSYoungGen      total 135168K, used 83165K [0x00000000eab00000, 0x00000000f4000000, 0x0000000100000000)
  eden space 124416K, 58% used [0x00000000eab00000,0x00000000ef1b8e68,0x00000000f2480000)
  from space 10752K, 99% used [0x00000000f2480000,0x00000000f2efe5d8,0x00000000f2f00000)
  to   space 4096K, 0% used [0x00000000f2f00000,0x00000000f2f00000,0x00000000f3300000)
 ParOldGen       total 96768K, used 55824K [0x00000000c0000000, 0x00000000c5e80000, 0x00000000eab00000)
  object space 96768K, 57% used [0x00000000c0000000,0x00000000c36840a8,0x00000000c5e80000)
 Metaspace       used 6599K, capacity 7320K, committed 7680K, reserved 1056768K
  class space    used 626K, capacity 656K, committed 768K, reserved 1048576K
GC Heap History (10 events):
Event: 1.522 GC heap before
{Heap before GC invocations=6 (full 0):
 PSYoungGen      total 68096K, used 68078K [0x00000000eab00000, 0x00000000f3300000, 0x0000000100000000)
  eden space 65536K, 100% used [0x00000000eab00000,0x00000000eeb00000,0x00000000eeb00000)
  from space 2560K, 99% used [0x00000000eeb00000,0x00000000eed7b808,0x00000000eed80000)
  to   space 4096K, 0% used [0x00000000f2f00000,0x00000000f2f00000,0x00000000f3300000)
 ParOldGen       total 44032K, used 1735K [0x00000000c0000000, 0x00000000c2b00000, 0x00000000eab00000)
  object space 44032K, 3% used [0x00000000c0000000,0x00000000c01b1f98,0x00000000c2b00000)
 Metaspace       used 6281K, capacity 7154K, committed 7296K, reserved 1056768K
  class space    used 605K, capacity 618K, committed 640K, reserved 1048576K
Event: 1.551 GC heap after
Heap after GC invocations=6 (full 0):
 PSYoungGen      total 128512K, used 4093K [0x00000000eab00000, 0x00000000f4000000, 0x0000000100000000)
  eden space 124416K, 0% used [0x00000000eab00000,0x00000000eab00000,0x00000000f2480000)
  from space 4096K, 99% used [0x00000000f2f00000,0x00000000f32ff7c0,0x00000000f3300000)
  to   space 10752K, 0% used [0x00000000f2480000,0x00000000f2480000,0x00000000f2f00000)
 ParOldGen       total 44032K, used 12374K [0x00000000c0000000, 0x00000000c2b00000, 0x00000000eab00000)
  object space 44032K, 28% used [0x00000000c0000000,0x00000000c0c15a88,0x00000000c2b00000)
 Metaspace       used 6281K, capacity 7154K, committed 7296K, reserved 1056768K
  class space    used 605K, capacity 618K, committed 640K, reserved 1048576K
}
Event: 2.360 GC heap before
{Heap before GC invocations=7 (full 0):
 PSYoungGen      total 128512K, used 128509K [0x00000000eab00000, 0x00000000f4000000, 0x0000000100000000)
  eden space 124416K, 100% used [0x00000000eab00000,0x00000000f2480000,0x00000000f2480000)
  from space 4096K, 99% used [0x00000000f2f00000,0x00000000f32ff7c0,0x00000000f3300000)
  to   space 10752K, 0% used [0x00000000f2480000,0x00000000f2480000,0x00000000f2f00000)
 ParOldGen       total 44032K, used 12374K [0x00000000c0000000, 0x00000000c2b00000, 0x00000000eab00000)
  object space 44032K, 28% used [0x00000000c0000000,0x00000000c0c15a88,0x00000000c2b00000)
 Metaspace       used 6469K, capacity 7192K, committed 7424K, reserved 1056768K
  class space    used 626K, capacity 656K, committed 768K, reserved 1048576K
Event: 2.398 GC heap after
Heap after GC invocations=7 (full 0):
 PSYoungGen      total 135168K, used 10738K [0x00000000eab00000, 0x00000000f4000000, 0x0000000100000000)
  eden space 124416K, 0% used [0x00000000eab00000,0x00000000eab00000,0x00000000f2480000)
  from space 10752K, 99% used [0x00000000f2480000,0x00000000f2efcb98,0x00000000f2f00000)
  to   space 4096K, 0% used [0x00000000f2f00000,0x00000000f2f00000,0x00000000f3300000)
 ParOldGen       total 44032K, used 24385K [0x00000000c0000000, 0x00000000c2b00000, 0x00000000eab00000)
  object space 44032K, 55% used [0x00000000c0000000,0x00000000c17d06d0,0x00000000c2b00000)
 Metaspace       used 6469K, capacity 7192K, committed 7424K, reserved 1056768K
  class space    used 626K, capacity 656K, committed 768K, reserved 1048576K
}
Event: 3.146 GC heap before
{Heap before GC invocations=8 (full 0):
 PSYoungGen      total 135168K, used 135154K [0x00000000eab00000, 0x00000000f4000000, 0x0000000100000000)
  eden space 124416K, 100% used [0x00000000eab00000,0x00000000f2480000,0x00000000f2480000)
  from space 10752K, 99% used [0x00000000f2480000,0x00000000f2efcb98,0x00000000f2f00000)
  to   space 4096K, 0% used [0x00000000f2f00000,0x00000000f2f00000,0x00000000f3300000)
 ParOldGen       total 44032K, used 24385K [0x00000000c0000000, 0x00000000c2b00000, 0x00000000eab00000)
  object space 44032K, 55% used [0x00000000c0000000,0x00000000c17d06d0,0x00000000c2b00000)
 Metaspace       used 6549K, capacity 7256K, committed 7424K, reserved 1056768K
  class space    used 626K, capacity 656K, committed 768K, reserved 1048576K
Event: 3.201 GC heap after
Heap after GC invocations=8 (full 0):
 PSYoungGen      total 128512K, used 4090K [0x00000000eab00000, 0x00000000f4000000, 0x0000000100000000)
  eden space 124416K, 0% used [0x00000000eab00000,0x00000000eab00000,0x00000000f2480000)
  from space 4096K, 99% used [0x00000000f2f00000,0x00000000f32fe898,0x00000000f3300000)
  to   space 10752K, 0% used [0x00000000f2480000,0x00000000f2480000,0x00000000f2f00000)
 ParOldGen       total 50176K, used 50084K [0x00000000c0000000, 0x00000000c3100000, 0x00000000eab00000)
  object space 50176K, 99% used [0x00000000c0000000,0x00000000c30e93c8,0x00000000c3100000)
 Metaspace       used 6549K, capacity 7256K, committed 7424K, reserved 1056768K
  class space    used 626K, capacity 656K, committed 768K, reserved 1048576K
}
Event: 3.201 GC heap before
{Heap before GC invocations=9 (full 1):
 PSYoungGen      total 128512K, used 4090K [0x00000000eab00000, 0x00000000f4000000, 0x0000000100000000)
  eden space 124416K, 0% used [0x00000000eab00000,0x00000000eab00000,0x00000000f2480000)
  from space 4096K, 99% used [0x00000000f2f00000,0x00000000f32fe898,0x00000000f3300000)
  to   space 10752K, 0% used [0x00000000f2480000,0x00000000f2480000,0x00000000f2f00000)
 ParOldGen       total 50176K, used 50084K [0x00000000c0000000, 0x00000000c3100000, 0x00000000eab00000)
  object space 50176K, 99% used [0x00000000c0000000,0x00000000c30e93c8,0x00000000c3100000)
 Metaspace       used 6549K, capacity 7256K, committed 7424K, reserved 1056768K
  class space    used 626K, capacity 656K, committed 768K, reserved 1048576K
Event: 3.571 GC heap after
Heap after GC invocations=9 (full 1):
 PSYoungGen      total 128512K, used 0K [0x00000000eab00000, 0x00000000f4000000, 0x0000000100000000)
  eden space 124416K, 0% used [0x00000000eab00000,0x00000000eab00000,0x00000000f2480000)
  from space 4096K, 0% used [0x00000000f2f00000,0x00000000f2f00000,0x00000000f3300000)
  to   space 10752K, 0% used [0x00000000f2480000,0x00000000f2480000,0x00000000f2f00000)
 ParOldGen       total 96768K, used 49334K [0x00000000c0000000, 0x00000000c5e80000, 0x00000000eab00000)
  object space 96768K, 50% used [0x00000000c0000000,0x00000000c302d900,0x00000000c5e80000)
 Metaspace       used 6549K, capacity 7256K, committed 7424K, reserved 1056768K
  class space    used 626K, capacity 656K, committed 768K, reserved 1048576K
}
Event: 4.266 GC heap before
{Heap before GC invocations=10 (full 1):
 PSYoungGen      total 128512K, used 124416K [0x00000000eab00000, 0x00000000f4000000, 0x0000000100000000)
  eden space 124416K, 100% used [0x00000000eab00000,0x00000000f2480000,0x00000000f2480000)
  from space 4096K, 0% used [0x00000000f2f00000,0x00000000f2f00000,0x00000000f3300000)
  to   space 10752K, 0% used [0x00000000f2480000,0x00000000f2480000,0x00000000f2f00000)
 ParOldGen       total 96768K, used 49334K [0x00000000c0000000, 0x00000000c5e80000, 0x00000000eab00000)
  object space 96768K, 50% used [0x00000000c0000000,0x00000000c302d900,0x00000000c5e80000)
 Metaspace       used 6598K, capacity 7320K, committed 7680K, reserved 1056768K
  class space    used 626K, capacity 656K, committed 768K, reserved 1048576K
Event: 4.307 GC heap after
Heap after GC invocations=10 (full 1):
 PSYoungGen      total 135168K, used 10745K [0x00000000eab00000, 0x00000000f4000000, 0x0000000100000000)
  eden space 124416K, 0% used [0x00000000eab00000,0x00000000eab00000,0x00000000f2480000)
  from space 10752K, 99% used [0x00000000f2480000,0x00000000f2efe5d8,0x00000000f2f00000)
  to   space 4096K, 0% used [0x00000000f2f00000,0x00000000f2f00000,0x00000000f3300000)
 ParOldGen       total 96768K, used 55824K [0x00000000c0000000, 0x00000000c5e80000, 0x00000000eab00000)
  object space 96768K, 57% used [0x00000000c0000000,0x00000000c36840a8,0x00000000c5e80000)
 Metaspace       used 6598K, capacity 7320K, committed 7680K, reserved 1056768K
  class space    used 626K, capacity 656K, committed 768K, reserved 1048576K
}

