# JRE version: Java(TM) SE Runtime Environment (8.0_91-b14) (build 1.8.0_91-b14)
# Java VM: Java HotSpot(TM) 64-Bit Server VM (25.91-b14 mixed mode windows-amd64 compressed oops)
Heap:
 PSYoungGen      total 223744K, used 111218K [0x00000000eab00000, 0x0000000100000000, 0x0000000100000000)
  eden space 136192K, 20% used [0x00000000eab00000,0x00000000ec66b8c8,0x00000000f3000000)
  from space 87552K, 94% used [0x00000000f9280000,0x00000000fe3b11f8,0x00000000fe800000)
  to   space 100864K, 0% used [0x00000000f3000000,0x00000000f3000000,0x00000000f9280000)
 ParOldGen       total 699392K, used 168573K [0x00000000c0000000, 0x00000000eab00000, 0x00000000eab00000)
  object space 699392K, 24% used [0x00000000c0000000,0x00000000ca49f6f8,0x00000000eab00000)
 Metaspace       used 6648K, capacity 7320K, committed 7680K, reserved 1056768K
  class space    used 628K, capacity 656K, committed 768K, reserved 1048576K
GC Heap History (10 events):
Event: 1059.250 GC heap before
{Heap before GC invocations=3423 (full 3413):
 PSYoungGen      total 135168K, used 135146K [0x00000000eab00000, 0x00000000fb480000, 0x0000000100000000)
  eden space 124928K, 100% used [0x00000000eab00000,0x00000000f2500000,0x00000000f2500000)
  from space 10240K, 99% used [0x00000000f2500000,0x00000000f2efa8d0,0x00000000f2f00000)
  to   space 71680K, 0% used [0x00000000f6e80000,0x00000000f6e80000,0x00000000fb480000)
 ParOldGen       total 699392K, used 167786K [0x00000000c0000000, 0x00000000eab00000, 0x00000000eab00000)
  object space 699392K, 23% used [0x00000000c0000000,0x00000000ca3da9e0,0x00000000eab00000)
 Metaspace       used 6634K, capacity 7320K, committed 7680K, reserved 1056768K
  class space    used 627K, capacity 656K, committed 768K, reserved 1048576K
Event: 1059.362 GC heap after
Heap after GC invocations=3423 (full 3413):
 PSYoungGen      total 200192K, used 27487K [0x00000000eab00000, 0x00000000fb180000, 0x0000000100000000)
  eden space 131584K, 0% used [0x00000000eab00000,0x00000000eab00000,0x00000000f2b80000)
  from space 68608K, 40% used [0x00000000f6e80000,0x00000000f8957da8,0x00000000fb180000)
  to   space 68608K, 0% used [0x00000000f2b80000,0x00000000f2b80000,0x00000000f6e80000)
 ParOldGen       total 699392K, used 168557K [0x00000000c0000000, 0x00000000eab00000, 0x00000000eab00000)
  object space 699392K, 24% used [0x00000000c0000000,0x00000000ca49b6f8,0x00000000eab00000)
 Metaspace       used 6634K, capacity 7320K, committed 7680K, reserved 1056768K
  class space    used 627K, capacity 656K, committed 768K, reserved 1048576K
}
Event: 1059.757 GC heap before
{Heap before GC invocations=3424 (full 3413):
 PSYoungGen      total 200192K, used 159071K [0x00000000eab00000, 0x00000000fb180000, 0x0000000100000000)
  eden space 131584K, 100% used [0x00000000eab00000,0x00000000f2b80000,0x00000000f2b80000)
  from space 68608K, 40% used [0x00000000f6e80000,0x00000000f8957da8,0x00000000fb180000)
  to   space 68608K, 0% used [0x00000000f2b80000,0x00000000f2b80000,0x00000000f6e80000)
 ParOldGen       total 699392K, used 168557K [0x00000000c0000000, 0x00000000eab00000, 0x00000000eab00000)
  object space 699392K, 24% used [0x00000000c0000000,0x00000000ca49b6f8,0x00000000eab00000)
 Metaspace       used 6641K, capacity 7320K, committed 7680K, reserved 1056768K
  class space    used 627K, capacity 656K, committed 768K, reserved 1048576K
Event: 1059.854 GC heap after
Heap after GC invocations=3424 (full 3413):
 PSYoungGen      total 200192K, used 44102K [0x00000000eab00000, 0x00000000fc080000, 0x0000000100000000)
  eden space 131584K, 0% used [0x00000000eab00000,0x00000000eab00000,0x00000000f2b80000)
  from space 68608K, 64% used [0x00000000f2b80000,0x00000000f5691888,0x00000000f6e80000)
  to   space 71680K, 0% used [0x00000000f7a80000,0x00000000f7a80000,0x00000000fc080000)
 ParOldGen       total 699392K, used 168557K [0x00000000c0000000, 0x00000000eab00000, 0x00000000eab00000)
  object space 699392K, 24% used [0x00000000c0000000,0x00000000ca49b6f8,0x00000000eab00000)
 Metaspace       used 6641K, capacity 7320K, committed 7680K, reserved 1056768K
  class space    used 627K, capacity 656K, committed 768K, reserved 1048576K
}
Event: 1060.167 GC heap before
{Heap before GC invocations=3425 (full 3413):
 PSYoungGen      total 200192K, used 175686K [0x00000000eab00000, 0x00000000fc080000, 0x0000000100000000)
  eden space 131584K, 100% used [0x00000000eab00000,0x00000000f2b80000,0x00000000f2b80000)
  from space 68608K, 64% used [0x00000000f2b80000,0x00000000f5691888,0x00000000f6e80000)
  to   space 71680K, 0% used [0x00000000f7a80000,0x00000000f7a80000,0x00000000fc080000)
 ParOldGen       total 699392K, used 168557K [0x00000000c0000000, 0x00000000eab00000, 0x00000000eab00000)
  object space 699392K, 24% used [0x00000000c0000000,0x00000000ca49b6f8,0x00000000eab00000)
 Metaspace       used 6646K, capacity 7320K, committed 7680K, reserved 1056768K
  class space    used 627K, capacity 656K, committed 768K, reserved 1048576K
Event: 1060.291 GC heap after
Heap after GC invocations=3425 (full 3413):
 PSYoungGen      total 203776K, used 60514K [0x00000000eab00000, 0x00000000fd500000, 0x0000000100000000)
  eden space 132096K, 0% used [0x00000000eab00000,0x00000000eab00000,0x00000000f2c00000)
  from space 71680K, 84% used [0x00000000f7a80000,0x00000000fb598890,0x00000000fc080000)
  to   space 80384K, 0% used [0x00000000f2c00000,0x00000000f2c00000,0x00000000f7a80000)
 ParOldGen       total 699392K, used 168565K [0x00000000c0000000, 0x00000000eab00000, 0x00000000eab00000)
  object space 699392K, 24% used [0x00000000c0000000,0x00000000ca49d6f8,0x00000000eab00000)
 Metaspace       used 6646K, capacity 7320K, committed 7680K, reserved 1056768K
  class space    used 627K, capacity 656K, committed 768K, reserved 1048576K
}
Event: 1060.413 GC heap before
{Heap before GC invocations=3426 (full 3413):
 PSYoungGen      total 203776K, used 192610K [0x00000000eab00000, 0x00000000fd500000, 0x0000000100000000)
  eden space 132096K, 100% used [0x00000000eab00000,0x00000000f2c00000,0x00000000f2c00000)
  from space 71680K, 84% used [0x00000000f7a80000,0x00000000fb598890,0x00000000fc080000)
  to   space 80384K, 0% used [0x00000000f2c00000,0x00000000f2c00000,0x00000000f7a80000)
 ParOldGen       total 699392K, used 168565K [0x00000000c0000000, 0x00000000eab00000, 0x00000000eab00000)
  object space 699392K, 24% used [0x00000000c0000000,0x00000000ca49d6f8,0x00000000eab00000)
 Metaspace       used 6646K, capacity 7320K, committed 7680K, reserved 1056768K
  class space    used 627K, capacity 656K, committed 768K, reserved 1048576K
Event: 1060.497 GC heap after
Heap after GC invocations=3426 (full 3413):
 PSYoungGen      total 212480K, used 62339K [0x00000000eab00000, 0x00000000fe800000, 0x0000000100000000)
  eden space 132096K, 0% used [0x00000000eab00000,0x00000000eab00000,0x00000000f2c00000)
  from space 80384K, 77% used [0x00000000f2c00000,0x00000000f68e0fd0,0x00000000f7a80000)
  to   space 87552K, 0% used [0x00000000f9280000,0x00000000f9280000,0x00000000fe800000)
 ParOldGen       total 699392K, used 168565K [0x00000000c0000000, 0x00000000eab00000, 0x00000000eab00000)
  object space 699392K, 24% used [0x00000000c0000000,0x00000000ca49d6f8,0x00000000eab00000)
 Metaspace       used 6646K, capacity 7320K, committed 7680K, reserved 1056768K
  class space    used 627K, capacity 656K, committed 768K, reserved 1048576K
}
Event: 1060.890 GC heap before
{Heap before GC invocations=3427 (full 3413):
 PSYoungGen      total 212480K, used 194435K [0x00000000eab00000, 0x00000000fe800000, 0x0000000100000000)
  eden space 132096K, 100% used [0x00000000eab00000,0x00000000f2c00000,0x00000000f2c00000)
  from space 80384K, 77% used [0x00000000f2c00000,0x00000000f68e0fd0,0x00000000f7a80000)
  to   space 87552K, 0% used [0x00000000f9280000,0x00000000f9280000,0x00000000fe800000)
 ParOldGen       total 699392K, used 168565K [0x00000000c0000000, 0x00000000eab00000, 0x00000000eab00000)
  object space 699392K, 24% used [0x00000000c0000000,0x00000000ca49d6f8,0x00000000eab00000)
 Metaspace       used 6648K, capacity 7320K, committed 7680K, reserved 1056768K
  class space    used 628K, capacity 656K, committed 768K, reserved 1048576K
Event: 1061.036 GC heap after
Heap after GC invocations=3427 (full 3413):
 PSYoungGen      total 223744K, used 83140K [0x00000000eab00000, 0x0000000100000000, 0x0000000100000000)
  eden space 136192K, 0% used [0x00000000eab00000,0x00000000eab00000,0x00000000f3000000)
  from space 87552K, 94% used [0x00000000f9280000,0x00000000fe3b11f8,0x00000000fe800000)
  to   space 100864K, 0% used [0x00000000f3000000,0x00000000f3000000,0x00000000f9280000)
 ParOldGen       total 699392K, used 168573K [0x00000000c0000000, 0x00000000eab00000, 0x00000000eab00000)
  object space 699392K, 24% used [0x00000000c0000000,0x00000000ca49f6f8,0x00000000eab00000)
 Metaspace       used 6648K, capacity 7320K, committed 7680K, reserved 1056768K
  class space    used 628K, capacity 656K, committed 768K, reserved 1048576K
}

